<?xml version="1.0" encoding="UTF-8"?>
<!-- Generated by org.testng.reporters.JUnitReportReporter -->
<testsuite hostname="DESKTOP-41V035U" failures="0" tests="1" name="basic.HelloWorld" time="0.011" errors="0" timestamp="2022-11-05T20:32:12 IST" skipped="0">
  <testcase classname="basic.HelloWorld" name="testcase" time="0.011"/>
  <system-out/>
</testsuite> <!-- basic.HelloWorld -->
